2017-06-20 21:27:34 INFO  ServerEntryPoint:23 - Waiting for new client...
2017-06-20 21:29:41 INFO  ServerEntryPoint:23 - Waiting for new client...
2017-06-20 21:29:57 INFO  ServerEntryPoint:23 - Waiting for new client...
2017-06-20 21:30:10 INFO  ServerEntryPoint:23 - Waiting for new client...
2017-06-20 21:30:21 INFO  ServerEntryPoint:27 - User qwe has joined.
2017-06-20 21:31:32 INFO  ServerEntryPoint:27 - User asd has joined.
2017-06-30 19:05:38 INFO  ServerEntryPoint:27 - Waiting for new client...
2017-06-30 19:05:49 INFO  ServerEntryPoint:27 - Waiting for new client...
2017-06-30 19:05:53 INFO  ClientSocketThread:40 - User Max has joined.
2017-06-30 19:05:55 INFO  ClientSocketThread:44 - Max wrote: fdsfdsfs
2017-06-30 19:05:58 INFO  ClientSocketThread:44 - Max wrote: fsdf
2017-06-30 19:47:12 INFO  ServerEntryPoint:27 - Waiting for new client...
2017-06-30 19:47:21 INFO  ServerEntryPoint:27 - Waiting for new client...
2017-06-30 19:47:31 INFO  ClientSocketThread:40 - User fsdfs has joined.
2017-06-30 19:47:32 INFO  ClientSocketThread:44 - fsdfs wrote: ffdsfds
2017-07-08 13:33:47 INFO  ServerEntryPoint:27 - Waiting for new client...
2017-07-08 13:33:53 INFO  ServerEntryPoint:27 - Waiting for new client...
2017-07-08 13:33:59 INFO  ClientSocketThread:51 - User Max has joined.
2017-07-08 13:34:01 INFO  ClientSocketThread:55 - Max wrote: fsgsf to: Petya
2017-07-09 14:58:37 INFO  ServerEntryPoint:27 - Waiting for new client...
2017-07-09 14:58:45 INFO  ServerEntryPoint:27 - Waiting for new client...
2017-07-09 14:58:51 WARN  ClientSocketThread:44 - Command not recognize
2017-07-09 14:58:55 WARN  ClientSocketThread:44 - Command not recognize
2017-07-09 14:58:56 WARN  ClientSocketThread:44 - Command not recognize
2017-07-09 15:05:40 INFO  ServerEntryPoint:27 - Waiting for new client...
2017-07-09 15:05:44 INFO  ServerEntryPoint:27 - Waiting for new client...
2017-07-09 15:05:48 WARN  ClientSocketThread:44 - Command not recognize
2017-07-09 15:05:51 WARN  ClientSocketThread:44 - Command not recognize
2017-07-09 15:07:50 INFO  ServerEntryPoint:27 - Waiting for new client...
2017-07-09 15:07:55 INFO  ServerEntryPoint:27 - Waiting for new client...
2017-07-09 15:08:15 INFO  ClientSocketThread:77 - User java.io.DataInputStream@2c0f347 has joined.
2017-07-09 15:08:17 WARN  ClientSocketThread:44 - Command not recognize
2017-07-09 15:24:43 INFO  ServerEntryPoint:27 - Waiting for new client...
2017-07-09 15:26:56 INFO  ServerEntryPoint:27 - Waiting for new client...
2017-07-09 15:27:07 INFO  ClientSocketThread:77 - User java.io.DataInputStream@5a58e80f has joined.
2017-07-09 15:28:04 INFO  ClientSocketThread:91 - Petya hasn't been found
2017-07-09 15:29:36 INFO  ServerEntryPoint:27 - Waiting for new client...
2017-07-09 15:29:41 INFO  ServerEntryPoint:27 - Waiting for new client...
2017-07-09 15:47:25 INFO  ServerEntryPoint:27 - Waiting for new client...
2017-07-09 15:47:33 INFO  ServerEntryPoint:27 - Waiting for new client...
2017-07-09 15:47:42 WARN  ClientSocketThread:44 - Command not recognize
2017-07-09 21:02:01 INFO  ServerEntryPoint:27 - Waiting for new client...
2017-07-09 21:02:07 INFO  ServerEntryPoint:27 - Waiting for new client...
2017-07-09 21:02:24 INFO  ClientSocketThread:77 - User Max has joined.
2017-07-09 21:02:35 INFO  ClientSocketThread:91 - Petya hasn't been found
2017-07-09 21:03:14 INFO  ServerEntryPoint:27 - Waiting for new client...
2017-07-09 21:03:27 INFO  ClientSocketThread:77 - User Petya has joined.
2017-07-09 21:03:32 INFO  ClientSocketThread:59 - Petya wrote: gdgdf
2017-07-09 21:03:34 WARN  ClientSocketThread:44 - Command not recognize
2017-07-09 21:03:44 WARN  ClientSocketThread:44 - Command not recognize
2017-07-09 21:10:08 INFO  ServerEntryPoint:27 - Waiting for new client...
2017-07-09 21:10:17 INFO  ServerEntryPoint:27 - Waiting for new client...
2017-07-09 21:10:25 INFO  ClientSocketThread:77 - User Max has joined.
2017-07-09 21:10:33 INFO  ClientSocketThread:91 - Petya hasn't been found
2017-07-09 21:10:40 INFO  ServerEntryPoint:27 - Waiting for new client...
2017-07-09 21:10:53 INFO  ClientSocketThread:77 - User Petya has joined.
2017-07-09 21:10:59 INFO  ClientSocketThread:59 - Petya wrote: fggdfgdf
2017-07-09 21:11:03 WARN  ClientSocketThread:44 - Command not recognize
2017-07-09 21:11:20 WARN  ClientSocketThread:44 - Command not recognize
2017-07-09 21:11:28 WARN  ClientSocketThread:44 - Command not recognize
2017-07-09 21:11:44 WARN  ClientSocketThread:44 - Command not recognize
2017-07-09 21:11:58 WARN  ClientSocketThread:44 - Command not recognize
2017-07-09 21:25:04 INFO  ServerEntryPoint:27 - Waiting for new client...
2017-07-09 21:25:10 INFO  ServerEntryPoint:27 - Waiting for new client...
2017-07-09 21:25:13 WARN  ClientSocketThread:44 - Command not recognize
2017-07-09 21:25:26 INFO  ServerEntryPoint:27 - Waiting for new client...
2017-07-09 21:25:39 INFO  ClientSocketThread:77 - User Max has joined.
2017-07-09 21:25:47 INFO  ClientSocketThread:91 - Petya hasn't been found
2017-07-09 21:29:54 INFO  ServerEntryPoint:27 - Waiting for new client...
2017-07-09 21:29:59 INFO  ServerEntryPoint:27 - Waiting for new client...
2017-07-09 21:30:04 INFO  ClientSocketThread:77 - User Max has joined.
2017-07-09 21:30:11 INFO  ClientSocketThread:59 - Max wrote: fsfdsfsd
2017-07-09 21:30:13 WARN  ClientSocketThread:44 - Command not recognize
2017-07-09 22:11:31 INFO  ServerEntryPoint:27 - Waiting for new client...
2017-07-09 22:11:39 INFO  ServerEntryPoint:27 - Waiting for new client...
2017-07-09 22:12:15 INFO  ServerEntryPoint:27 - Waiting for new client...
2017-07-09 22:13:26 WARN  ClientSocketThread:44 - Command not recognize
2017-07-09 22:13:33 INFO  ServerEntryPoint:27 - Waiting for new client...
2017-07-09 22:13:40 INFO  ServerEntryPoint:27 - Waiting for new client...
2017-07-09 22:14:02 INFO  ClientSocketThread:77 - User Max has joined.
2017-07-09 22:16:18 INFO  ClientSocketThread:92 - Petya hasn't been found
2017-07-09 22:16:18 WARN  ClientSocketThread:44 - Command not recognize
2017-07-09 22:16:18 WARN  ClientSocketThread:44 - Command not recognize
2017-07-09 22:30:25 INFO  ServerEntryPoint:27 - Waiting for new client...
2017-07-09 22:30:33 INFO  ServerEntryPoint:27 - Waiting for new client...
2017-07-09 22:30:44 INFO  ServerEntryPoint:27 - Waiting for new client...
2017-07-09 22:31:09 INFO  ClientSocketThread:77 - User Max has joined.
2017-07-09 22:39:06 INFO  ServerEntryPoint:27 - Waiting for new client...
2017-07-09 22:39:54 INFO  ServerEntryPoint:27 - Waiting for new client...
2017-07-09 22:39:57 WARN  ClientSocketThread:44 - Command not recognize
2017-07-09 22:41:05 INFO  ServerEntryPoint:27 - Waiting for new client...
2017-07-09 22:41:15 INFO  ServerEntryPoint:27 - Waiting for new client...
2017-07-09 22:41:23 INFO  ServerEntryPoint:27 - Waiting for new client...
2017-07-09 22:41:35 INFO  ClientSocketThread:77 - User Max has joined.
2017-07-09 22:44:38 INFO  ServerEntryPoint:27 - Waiting for new client...
2017-07-09 22:44:44 INFO  ServerEntryPoint:27 - Waiting for new client...
2017-07-09 22:45:18 INFO  ServerEntryPoint:27 - Waiting for new client...
2017-07-09 22:45:26 INFO  ClientSocketThread:77 - User Max has joined.
2017-07-09 22:55:06 INFO  ClientSocketThread:92 - Petya hasn't been found
2017-07-09 22:55:06 WARN  ClientSocketThread:44 - Command not recognize
2017-07-09 23:26:16 INFO  ServerEntryPoint:27 - Waiting for new client...
2017-07-09 23:26:26 INFO  ServerEntryPoint:27 - Waiting for new client...
2017-07-09 23:26:29 WARN  ClientSocketThread:44 - Command not recognize
2017-07-09 23:27:49 INFO  ServerEntryPoint:27 - Waiting for new client...
2017-07-09 23:27:59 INFO  ServerEntryPoint:27 - Waiting for new client...
2017-07-09 23:28:12 INFO  ServerEntryPoint:27 - Waiting for new client...
2017-07-09 23:28:45 INFO  ServerEntryPoint:27 - Waiting for new client...
2017-07-09 23:29:46 INFO  ServerEntryPoint:27 - Waiting for new client...
2017-07-09 23:29:59 INFO  ClientSocketThread:77 - User Max has joined.
2017-07-09 23:32:38 INFO  ClientSocketThread:92 - Petya hasn't been found
2017-07-09 23:32:38 WARN  ClientSocketThread:44 - Command not recognize
2017-07-09 23:33:12 INFO  ServerEntryPoint:27 - Waiting for new client...
2017-07-09 23:33:17 INFO  ServerEntryPoint:27 - Waiting for new client...
2017-07-09 23:33:29 INFO  ClientSocketThread:77 - User Max has joined.
2017-07-09 23:33:34 INFO  ClientSocketThread:59 - Max wrote: gdfgfdgdf
2017-07-09 23:33:44 WARN  ClientSocketThread:44 - Command not recognize
2017-07-09 23:39:15 INFO  ServerEntryPoint:27 - Waiting for new client...
2017-07-09 23:39:21 INFO  ServerEntryPoint:27 - Waiting for new client...
2017-07-09 23:39:30 INFO  ClientSocketThread:77 - User Max has joined.
2017-07-09 23:58:16 INFO  ClientSocketThread:59 - Max wrote: gdfgdfgdf
2017-07-09 23:58:16 WARN  ClientSocketThread:44 - Command not recognize
2017-07-09 23:58:24 INFO  ServerEntryPoint:27 - Waiting for new client...
2017-07-09 23:58:31 INFO  ServerEntryPoint:27 - Waiting for new client...
2017-07-09 23:58:37 INFO  ClientSocketThread:77 - User Max has joined.
2017-07-09 23:59:01 INFO  ClientSocketThread:92 - Petya hasn't been found
2017-07-09 23:59:18 WARN  ClientSocketThread:44 - Command not recognize
2017-07-10 00:05:27 INFO  ServerEntryPoint:27 - Waiting for new client...
2017-07-10 00:05:33 INFO  ServerEntryPoint:27 - Waiting for new client...
2017-07-10 00:05:41 INFO  ClientSocketThread:77 - User Max has joined.
2017-07-10 00:06:36 INFO  ClientSocketThread:59 - Max wrote: fgfdgdfgfd
2017-07-10 20:42:08 INFO  ServerEntryPoint:27 - Waiting for new client...
2017-07-10 20:42:20 INFO  ServerEntryPoint:27 - Waiting for new client...
2017-07-10 20:42:58 INFO  ServerEntryPoint:27 - Waiting for new client...
2017-07-10 20:43:06 INFO  ServerEntryPoint:27 - Waiting for new client...
2017-07-10 20:46:57 INFO  ClientSocketThread:77 - User Max has joined.
2017-07-10 20:46:57 INFO  ClientSocketThread:59 - Max wrote: ngdnjdngfdndssfdadsaas
2017-07-10 20:46:57 WARN  ClientSocketThread:44 - Command not recognize
2017-07-10 20:46:57 WARN  ClientSocketThread:44 - Command not recognize
2017-07-10 20:46:57 WARN  ClientSocketThread:44 - Command not recognize
2017-07-10 20:46:57 WARN  ClientSocketThread:44 - Command not recognize
2017-07-10 20:46:57 WARN  ClientSocketThread:44 - Command not recognize
2017-07-10 20:46:57 WARN  ClientSocketThread:44 - Command not recognize
2017-07-10 20:46:57 INFO  ClientSocketThread:77 - User  has joined.
2017-07-10 20:49:44 INFO  ServerEntryPoint:27 - Waiting for new client...
2017-07-10 20:51:19 INFO  ServerEntryPoint:27 - Waiting for new client...
2017-07-10 20:51:51 INFO  ServerEntryPoint:27 - Waiting for new client...
2017-07-10 20:52:07 INFO  ClientSocketThread:77 - User Max has joined.
2017-07-10 20:52:46 INFO  ClientSocketThread:92 - Petya hasn't been found
2017-07-10 20:52:48 WARN  ClientSocketThread:44 - Command not recognize
2017-07-10 21:12:13 INFO  ServerEntryPoint:27 - Waiting for new client...
2017-07-10 21:12:21 INFO  ServerEntryPoint:27 - Waiting for new client...
2017-07-10 21:12:28 INFO  ClientSocketThread:77 - User Max has joined.
2017-07-10 21:12:33 INFO  ClientSocketThread:59 - Max wrote: fsfsfsdfdsfs
2017-07-10 21:12:42 INFO  ClientSocketThread:59 - Max wrote: gdfgfdg
2017-07-10 21:17:12 INFO  ServerEntryPoint:27 - Waiting for new client...
2017-07-10 21:17:19 INFO  ServerEntryPoint:27 - Waiting for new client...
2017-07-10 21:17:23 INFO  ServerEntryPoint:27 - Waiting for new client...
2017-07-10 21:17:30 INFO  ClientSocketThread:77 - User Max has joined.
2017-07-10 21:17:38 INFO  ClientSocketThread:77 - User Petya has joined.
2017-07-10 21:18:11 INFO  ClientSocketThread:59 - Petya wrote: dfdsfdsf
2017-07-10 21:19:15 WARN  ClientSocketThread:44 - Command not recognize
2017-07-10 21:19:15 WARN  ClientSocketThread:44 - Command not recognize
2017-07-10 21:19:26 INFO  ClientSocketThread:59 - Max wrote: ggfdgdfdf
2017-07-10 21:19:36 INFO  ClientSocketThread:92 - fgfdgdfgd hasn't been found
2017-07-10 21:19:38 WARN  ClientSocketThread:44 - Command not recognize
2017-07-10 21:19:39 WARN  ClientSocketThread:44 - Command not recognize
2017-07-10 21:20:36 WARN  ClientSocketThread:44 - Command not recognize
2017-07-10 21:20:36 WARN  ClientSocketThread:44 - Command not recognize
2017-07-10 21:20:36 WARN  ClientSocketThread:44 - Command not recognize
2017-07-11 23:17:39 INFO  ServerEntryPoint:27 - Waiting for new client...
2017-07-11 23:17:47 INFO  ServerEntryPoint:27 - Waiting for new client...
2017-07-11 23:17:59 INFO  ClientSocketThread:76 - User Max has joined.
2017-07-11 23:18:11 INFO  ClientSocketThread:58 - Max wrote: ffsfsd
2017-07-11 23:18:15 WARN  ClientSocketThread:44 - Command not recognize
2017-07-11 23:18:17 WARN  ClientSocketThread:44 - Command not recognize
2017-07-11 23:18:17 WARN  ClientSocketThread:44 - Command not recognize
2017-07-11 23:18:17 WARN  ClientSocketThread:44 - Command not recognize
2017-07-11 23:34:35 INFO  ServerEntryPoint:27 - Waiting for new client...
2017-07-11 23:34:41 INFO  ServerEntryPoint:27 - Waiting for new client...
2017-07-11 23:34:46 INFO  ClientSocketThread:76 - User Max has joined.
2017-07-11 23:34:52 INFO  ClientSocketThread:58 - Max wrote: ffdsfdsf
2017-07-11 23:36:07 INFO  ServerEntryPoint:27 - Waiting for new client...
2017-07-11 23:36:17 INFO  ServerEntryPoint:27 - Waiting for new client...
2017-07-11 23:36:23 INFO  ClientSocketThread:76 - User Max has joined.
2017-07-11 23:36:28 INFO  ClientSocketThread:58 - Max wrote: fsdfds
2017-07-11 23:36:50 WARN  ClientSocketThread:44 - Command not recognize
2017-07-11 23:37:10 INFO  ClientSocketThread:91 - private hasn't been found
2017-07-11 23:37:12 WARN  ClientSocketThread:44 - Command not recognize
2017-07-11 23:38:34 INFO  ServerEntryPoint:27 - Waiting for new client...
2017-07-11 23:38:45 INFO  ServerEntryPoint:27 - Waiting for new client...
2017-07-11 23:38:50 INFO  ClientSocketThread:76 - User Max has joined.
2017-07-11 23:38:54 INFO  ClientSocketThread:58 - Max wrote: gdgdfgdf
2017-07-11 23:39:00 WARN  ClientSocketThread:44 - Command not recognize
2017-07-11 23:40:20 INFO  ServerEntryPoint:27 - Waiting for new client...
2017-07-11 23:40:27 INFO  ServerEntryPoint:27 - Waiting for new client...
2017-07-11 23:40:32 INFO  ClientSocketThread:76 - User Max has joined.
2017-07-11 23:40:36 INFO  ClientSocketThread:58 - Max wrote: nfjfgbsf
2017-07-11 23:40:38 WARN  ClientSocketThread:44 - Command not recognize
2017-07-11 23:55:28 INFO  ServerEntryPoint:27 - Waiting for new client...
2017-07-11 23:55:32 INFO  ServerEntryPoint:27 - Waiting for new client...
2017-07-11 23:55:39 INFO  ClientSocketThread:76 - User Max has joined.
2017-07-11 23:55:44 INFO  ClientSocketThread:58 - Max wrote: fsfdsf
2017-07-11 23:56:56 INFO  ServerEntryPoint:27 - Waiting for new client...
2017-07-11 23:57:10 INFO  ServerEntryPoint:27 - Waiting for new client...
2017-07-11 23:57:17 INFO  ClientSocketThread:76 - User Max has joined.
2017-07-11 23:57:22 INFO  ClientSocketThread:58 - Max wrote: fdfds
2017-07-11 23:58:48 INFO  ServerEntryPoint:27 - Waiting for new client...
2017-07-11 23:58:55 INFO  ServerEntryPoint:27 - Waiting for new client...
2017-07-11 23:59:00 INFO  ClientSocketThread:76 - User MAx has joined.
2017-07-11 23:59:06 INFO  ClientSocketThread:58 - MAx wrote: fsfds
2017-07-11 23:59:30 WARN  ClientSocketThread:44 - Command not recognize
2017-07-11 23:59:52 INFO  ServerEntryPoint:27 - Waiting for new client...
2017-07-12 00:00:01 INFO  ServerEntryPoint:27 - Waiting for new client...
2017-07-12 00:05:34 INFO  ServerEntryPoint:27 - Waiting for new client...
2017-07-12 00:05:39 INFO  ServerEntryPoint:27 - Waiting for new client...
2017-07-12 00:05:45 INFO  ClientSocketThread:76 - User Max has joined.
2017-07-12 00:05:50 INFO  ClientSocketThread:58 - Max wrote: bnjbfgnbdkbnfdks
2017-07-12 00:06:21 INFO  ClientSocketThread:58 - Max wrote: gdgdfgd
2017-07-12 00:06:38 INFO  ClientSocketThread:58 - Max wrote: fdfsdfsdfs
2017-07-12 00:06:59 INFO  ServerEntryPoint:27 - Waiting for new client...
2017-07-12 00:07:04 INFO  ClientSocketThread:76 - User Petya has joined.
2017-07-12 00:11:56 INFO  ServerEntryPoint:27 - Waiting for new client...
2017-07-12 00:12:01 INFO  ServerEntryPoint:27 - Waiting for new client...
2017-07-12 00:12:05 INFO  ServerEntryPoint:27 - Waiting for new client...
2017-07-12 00:12:11 INFO  ClientSocketThread:76 - User Max has joined.
2017-07-12 00:12:18 INFO  ClientSocketThread:58 - Max wrote: fsdfdsfs
2017-07-12 00:12:26 INFO  ClientSocketThread:58 - Max wrote: fsdfdsf
2017-07-12 00:12:29 WARN  ClientSocketThread:44 - Command not recognize
2017-07-12 00:12:44 INFO  ClientSocketThread:76 - User Petya has joined.
2017-07-12 19:07:29 INFO  ServerEntryPoint:27 - Waiting for new client...
2017-07-12 19:07:41 INFO  ServerEntryPoint:27 - Waiting for new client...
2017-07-12 19:07:50 INFO  ClientSocketThread:76 - User Max has joined.
2017-07-12 19:07:59 INFO  ClientSocketThread:58 - Max wrote: fsdfdsfsdf
2017-07-12 19:08:00 INFO  ClientSocketThread:58 - Max wrote: fsdfdsf
2017-07-12 19:08:02 INFO  ClientSocketThread:58 - Max wrote: gghdgfdas
2017-07-12 19:08:04 INFO  ClientSocketThread:58 - Max wrote: gfgdfgdf
2017-07-12 19:08:15 INFO  ServerEntryPoint:27 - Waiting for new client...
2017-07-12 19:08:21 INFO  ClientSocketThread:76 - User Petya has joined.
2017-07-12 19:08:38 INFO  ClientSocketThread:91 - gdfgdf hasn't been found
2017-07-12 19:08:51 WARN  ClientSocketThread:44 - Command not recognize
2017-07-12 19:08:54 INFO  ClientSocketThread:91 - bbdbd hasn't been found
2017-07-12 19:15:33 INFO  ServerEntryPoint:27 - Waiting for new client...
2017-07-12 19:15:42 INFO  ServerEntryPoint:27 - Waiting for new client...
2017-07-12 19:15:45 INFO  ServerEntryPoint:27 - Waiting for new client...
2017-07-12 19:15:50 INFO  ClientSocketThread:76 - User Max has joined.
2017-07-12 19:15:55 INFO  ClientSocketThread:58 - Max wrote: fsdfdsfsd
2017-07-12 19:16:01 INFO  ClientSocketThread:58 - Max wrote: bfbfb
2017-07-12 19:16:03 INFO  ClientSocketThread:58 - Max wrote: gdfgdgd
2017-07-12 19:16:19 INFO  ClientSocketThread:76 - User Petya has joined.
2017-07-12 19:17:40 INFO  ClientSocketThread:58 - Max wrote: gdfgfdgfd
2017-07-12 19:17:42 INFO  ClientSocketThread:58 - Max wrote: gdgdffd
2017-07-12 19:17:45 INFO  ClientSocketThread:58 - Max wrote: ngfjfgdddfg
2017-07-12 19:18:45 INFO  ServerEntryPoint:27 - Waiting for new client...
2017-07-12 19:18:52 INFO  ServerEntryPoint:27 - Waiting for new client...
2017-07-12 19:18:56 INFO  ServerEntryPoint:27 - Waiting for new client...
2017-07-12 19:19:09 INFO  ServerEntryPoint:27 - Waiting for new client...
2017-07-12 19:19:16 INFO  ServerEntryPoint:27 - Waiting for new client...
2017-07-12 19:19:25 INFO  ClientSocketThread:76 - User Max has joined.
2017-07-12 19:19:29 INFO  ServerEntryPoint:27 - Waiting for new client...
2017-07-12 19:19:36 INFO  ClientSocketThread:76 - User Petya has joined.
2017-07-12 19:19:51 INFO  ClientSocketThread:58 - Max wrote: gdfngdfgd
2017-07-12 19:19:52 INFO  ClientSocketThread:58 - Max wrote: gdfgfdgd
2017-07-12 22:54:29 INFO  ServerEntryPoint:27 - Waiting for new client...
2017-07-12 22:54:56 INFO  ServerEntryPoint:27 - Waiting for new client...
